<?xml version="1.0" encoding="UTF-8"?>
<testsuite name="com.veterinaria.DatabaseTest" tests="5" skipped="0" failures="0" errors="0" timestamp="2025-05-17T01:00:36" hostname="Macbook-Pro-Stiven.local" time="0.703">
  <properties/>
  <testcase name="testCerrarConexionYReconectar()" classname="com.veterinaria.DatabaseTest" time="0.656"/>
  <testcase name="testForeignKeysHabilitadas()" classname="com.veterinaria.DatabaseTest" time="0.008"/>
  <testcase name="testConectarEsSingleton()" classname="com.veterinaria.DatabaseTest" time="0.005"/>
  <testcase name="testConectarDevuelveConexionValida()" classname="com.veterinaria.DatabaseTest" time="0.006"/>
  <testcase name="testCreacionDeTablas()" classname="com.veterinaria.DatabaseTest" time="0.021"/>
  <system-out><![CDATA[Conexión SQLite establecida y tablas verificadas.
Conexión SQLite cerrada.
Conexión SQLite establecida y tablas verificadas.
Conexión SQLite cerrada.
Conexión SQLite establecida y tablas verificadas.
Conexión SQLite cerrada.
Conexión SQLite establecida y tablas verificadas.
Conexión SQLite cerrada.
Conexión SQLite establecida y tablas verificadas.
Conexión SQLite cerrada.
Conexión SQLite establecida y tablas verificadas.
Conexión SQLite cerrada.
]]></system-out>
  <system-err><![CDATA[SLF4J: Failed to load class "org.slf4j.impl.StaticLoggerBinder".
SLF4J: Defaulting to no-operation (NOP) logger implementation
SLF4J: See http://www.slf4j.org/codes.html#StaticLoggerBinder for further details.
]]></system-err>
</testsuite>
